Created by PLY version 3.4 (http://www.dabeaz.com/ply)

Unused terminals:

    GREATEROREQUALTHAN
    DO
    MIN
    THEN
    LESSOREQUALTHAN
    MAXVALORSET
    PRINTLN
    WHILE
    PROGRAM
    DOUBLEPLUS
    PRINT
    TRUE
    CONCATSETS
    SET
    SEMICOLON
    RCURLY
    SCAN
    MAPMULTI
    RPARENT
    IDENTIFIER
    ASSIGN
    DIFFERENT
    REPEAT
    STRING
    FOR
    EQUALBOOL
    MAPREST
    ELSE
    LPARENT
    GREATERTHAN
    ARROW
    IN
    SIZESET
    IF
    AND
    FALSE
    MAPINTDIVISION
    LCURLY
    INT
    MAX
    MAPSUBSTRACT
    LESSTHAN
    MINVALORSET
    COUNTERSLASH
    BOOL
    INTERSECCION
    NOT
    USING
    COMMA
    OR
    MAPSUM

Grammar

Rule 0     S' -> expression
Rule 1     expression -> expression PLUS expression
Rule 2     expression -> expression MINUS expression
Rule 3     expression -> expression INTDIVISION expression
Rule 4     expression -> expression RESTDIVISION expression
Rule 5     expression -> expression TIMES expression
Rule 6     expression -> MINUS expression
Rule 7     expression -> INTEGER

Terminals, with rules where they appear

AND                  : 
ARROW                : 
ASSIGN               : 
BOOL                 : 
COMMA                : 
CONCATSETS           : 
COUNTERSLASH         : 
DIFFERENT            : 
DO                   : 
DOUBLEPLUS           : 
ELSE                 : 
EQUALBOOL            : 
FALSE                : 
FOR                  : 
GREATEROREQUALTHAN   : 
GREATERTHAN          : 
IDENTIFIER           : 
IF                   : 
IN                   : 
INT                  : 
INTDIVISION          : 3
INTEGER              : 7
INTERSECCION         : 
LCURLY               : 
LESSOREQUALTHAN      : 
LESSTHAN             : 
LPARENT              : 
MAPINTDIVISION       : 
MAPMULTI             : 
MAPREST              : 
MAPSUBSTRACT         : 
MAPSUM               : 
MAX                  : 
MAXVALORSET          : 
MIN                  : 
MINUS                : 2 6
MINVALORSET          : 
NOT                  : 
OR                   : 
PLUS                 : 1
PRINT                : 
PRINTLN              : 
PROGRAM              : 
RCURLY               : 
REPEAT               : 
RESTDIVISION         : 4
RPARENT              : 
SCAN                 : 
SEMICOLON            : 
SET                  : 
SIZESET              : 
STRING               : 
THEN                 : 
TIMES                : 5
TRUE                 : 
USING                : 
WHILE                : 
error                : 

Nonterminals, with rules where they appear

expression           : 1 1 2 2 3 3 4 4 5 5 6 0

Parsing method: LALR

state 0

    (0) S' -> . expression
    (1) expression -> . expression PLUS expression
    (2) expression -> . expression MINUS expression
    (3) expression -> . expression INTDIVISION expression
    (4) expression -> . expression RESTDIVISION expression
    (5) expression -> . expression TIMES expression
    (6) expression -> . MINUS expression
    (7) expression -> . INTEGER

    MINUS           shift and go to state 3
    INTEGER         shift and go to state 1

    expression                     shift and go to state 2

state 1

    (7) expression -> INTEGER .

    PLUS            reduce using rule 7 (expression -> INTEGER .)
    MINUS           reduce using rule 7 (expression -> INTEGER .)
    INTDIVISION     reduce using rule 7 (expression -> INTEGER .)
    RESTDIVISION    reduce using rule 7 (expression -> INTEGER .)
    TIMES           reduce using rule 7 (expression -> INTEGER .)
    $end            reduce using rule 7 (expression -> INTEGER .)


state 2

    (0) S' -> expression .
    (1) expression -> expression . PLUS expression
    (2) expression -> expression . MINUS expression
    (3) expression -> expression . INTDIVISION expression
    (4) expression -> expression . RESTDIVISION expression
    (5) expression -> expression . TIMES expression

    PLUS            shift and go to state 6
    MINUS           shift and go to state 7
    INTDIVISION     shift and go to state 4
    RESTDIVISION    shift and go to state 8
    TIMES           shift and go to state 5


state 3

    (6) expression -> MINUS . expression
    (1) expression -> . expression PLUS expression
    (2) expression -> . expression MINUS expression
    (3) expression -> . expression INTDIVISION expression
    (4) expression -> . expression RESTDIVISION expression
    (5) expression -> . expression TIMES expression
    (6) expression -> . MINUS expression
    (7) expression -> . INTEGER

    MINUS           shift and go to state 3
    INTEGER         shift and go to state 1

    expression                     shift and go to state 9

state 4

    (3) expression -> expression INTDIVISION . expression
    (1) expression -> . expression PLUS expression
    (2) expression -> . expression MINUS expression
    (3) expression -> . expression INTDIVISION expression
    (4) expression -> . expression RESTDIVISION expression
    (5) expression -> . expression TIMES expression
    (6) expression -> . MINUS expression
    (7) expression -> . INTEGER

    MINUS           shift and go to state 3
    INTEGER         shift and go to state 1

    expression                     shift and go to state 10

state 5

    (5) expression -> expression TIMES . expression
    (1) expression -> . expression PLUS expression
    (2) expression -> . expression MINUS expression
    (3) expression -> . expression INTDIVISION expression
    (4) expression -> . expression RESTDIVISION expression
    (5) expression -> . expression TIMES expression
    (6) expression -> . MINUS expression
    (7) expression -> . INTEGER

    MINUS           shift and go to state 3
    INTEGER         shift and go to state 1

    expression                     shift and go to state 11

state 6

    (1) expression -> expression PLUS . expression
    (1) expression -> . expression PLUS expression
    (2) expression -> . expression MINUS expression
    (3) expression -> . expression INTDIVISION expression
    (4) expression -> . expression RESTDIVISION expression
    (5) expression -> . expression TIMES expression
    (6) expression -> . MINUS expression
    (7) expression -> . INTEGER

    MINUS           shift and go to state 3
    INTEGER         shift and go to state 1

    expression                     shift and go to state 12

state 7

    (2) expression -> expression MINUS . expression
    (1) expression -> . expression PLUS expression
    (2) expression -> . expression MINUS expression
    (3) expression -> . expression INTDIVISION expression
    (4) expression -> . expression RESTDIVISION expression
    (5) expression -> . expression TIMES expression
    (6) expression -> . MINUS expression
    (7) expression -> . INTEGER

    MINUS           shift and go to state 3
    INTEGER         shift and go to state 1

    expression                     shift and go to state 13

state 8

    (4) expression -> expression RESTDIVISION . expression
    (1) expression -> . expression PLUS expression
    (2) expression -> . expression MINUS expression
    (3) expression -> . expression INTDIVISION expression
    (4) expression -> . expression RESTDIVISION expression
    (5) expression -> . expression TIMES expression
    (6) expression -> . MINUS expression
    (7) expression -> . INTEGER

    MINUS           shift and go to state 3
    INTEGER         shift and go to state 1

    expression                     shift and go to state 14

state 9

    (6) expression -> MINUS expression .
    (1) expression -> expression . PLUS expression
    (2) expression -> expression . MINUS expression
    (3) expression -> expression . INTDIVISION expression
    (4) expression -> expression . RESTDIVISION expression
    (5) expression -> expression . TIMES expression

  ! shift/reduce conflict for PLUS resolved as shift
  ! shift/reduce conflict for MINUS resolved as shift
  ! shift/reduce conflict for INTDIVISION resolved as shift
  ! shift/reduce conflict for RESTDIVISION resolved as shift
  ! shift/reduce conflict for TIMES resolved as shift
    $end            reduce using rule 6 (expression -> MINUS expression .)
    PLUS            shift and go to state 6
    MINUS           shift and go to state 7
    INTDIVISION     shift and go to state 4
    RESTDIVISION    shift and go to state 8
    TIMES           shift and go to state 5

  ! PLUS            [ reduce using rule 6 (expression -> MINUS expression .) ]
  ! MINUS           [ reduce using rule 6 (expression -> MINUS expression .) ]
  ! INTDIVISION     [ reduce using rule 6 (expression -> MINUS expression .) ]
  ! RESTDIVISION    [ reduce using rule 6 (expression -> MINUS expression .) ]
  ! TIMES           [ reduce using rule 6 (expression -> MINUS expression .) ]


state 10

    (3) expression -> expression INTDIVISION expression .
    (1) expression -> expression . PLUS expression
    (2) expression -> expression . MINUS expression
    (3) expression -> expression . INTDIVISION expression
    (4) expression -> expression . RESTDIVISION expression
    (5) expression -> expression . TIMES expression

  ! shift/reduce conflict for PLUS resolved as shift
  ! shift/reduce conflict for MINUS resolved as shift
  ! shift/reduce conflict for INTDIVISION resolved as shift
  ! shift/reduce conflict for RESTDIVISION resolved as shift
  ! shift/reduce conflict for TIMES resolved as shift
    $end            reduce using rule 3 (expression -> expression INTDIVISION expression .)
    PLUS            shift and go to state 6
    MINUS           shift and go to state 7
    INTDIVISION     shift and go to state 4
    RESTDIVISION    shift and go to state 8
    TIMES           shift and go to state 5

  ! PLUS            [ reduce using rule 3 (expression -> expression INTDIVISION expression .) ]
  ! MINUS           [ reduce using rule 3 (expression -> expression INTDIVISION expression .) ]
  ! INTDIVISION     [ reduce using rule 3 (expression -> expression INTDIVISION expression .) ]
  ! RESTDIVISION    [ reduce using rule 3 (expression -> expression INTDIVISION expression .) ]
  ! TIMES           [ reduce using rule 3 (expression -> expression INTDIVISION expression .) ]


state 11

    (5) expression -> expression TIMES expression .
    (1) expression -> expression . PLUS expression
    (2) expression -> expression . MINUS expression
    (3) expression -> expression . INTDIVISION expression
    (4) expression -> expression . RESTDIVISION expression
    (5) expression -> expression . TIMES expression

  ! shift/reduce conflict for PLUS resolved as shift
  ! shift/reduce conflict for MINUS resolved as shift
  ! shift/reduce conflict for INTDIVISION resolved as shift
  ! shift/reduce conflict for RESTDIVISION resolved as shift
  ! shift/reduce conflict for TIMES resolved as shift
    $end            reduce using rule 5 (expression -> expression TIMES expression .)
    PLUS            shift and go to state 6
    MINUS           shift and go to state 7
    INTDIVISION     shift and go to state 4
    RESTDIVISION    shift and go to state 8
    TIMES           shift and go to state 5

  ! PLUS            [ reduce using rule 5 (expression -> expression TIMES expression .) ]
  ! MINUS           [ reduce using rule 5 (expression -> expression TIMES expression .) ]
  ! INTDIVISION     [ reduce using rule 5 (expression -> expression TIMES expression .) ]
  ! RESTDIVISION    [ reduce using rule 5 (expression -> expression TIMES expression .) ]
  ! TIMES           [ reduce using rule 5 (expression -> expression TIMES expression .) ]


state 12

    (1) expression -> expression PLUS expression .
    (1) expression -> expression . PLUS expression
    (2) expression -> expression . MINUS expression
    (3) expression -> expression . INTDIVISION expression
    (4) expression -> expression . RESTDIVISION expression
    (5) expression -> expression . TIMES expression

  ! shift/reduce conflict for PLUS resolved as shift
  ! shift/reduce conflict for MINUS resolved as shift
  ! shift/reduce conflict for INTDIVISION resolved as shift
  ! shift/reduce conflict for RESTDIVISION resolved as shift
  ! shift/reduce conflict for TIMES resolved as shift
    $end            reduce using rule 1 (expression -> expression PLUS expression .)
    PLUS            shift and go to state 6
    MINUS           shift and go to state 7
    INTDIVISION     shift and go to state 4
    RESTDIVISION    shift and go to state 8
    TIMES           shift and go to state 5

  ! PLUS            [ reduce using rule 1 (expression -> expression PLUS expression .) ]
  ! MINUS           [ reduce using rule 1 (expression -> expression PLUS expression .) ]
  ! INTDIVISION     [ reduce using rule 1 (expression -> expression PLUS expression .) ]
  ! RESTDIVISION    [ reduce using rule 1 (expression -> expression PLUS expression .) ]
  ! TIMES           [ reduce using rule 1 (expression -> expression PLUS expression .) ]


state 13

    (2) expression -> expression MINUS expression .
    (1) expression -> expression . PLUS expression
    (2) expression -> expression . MINUS expression
    (3) expression -> expression . INTDIVISION expression
    (4) expression -> expression . RESTDIVISION expression
    (5) expression -> expression . TIMES expression

  ! shift/reduce conflict for PLUS resolved as shift
  ! shift/reduce conflict for MINUS resolved as shift
  ! shift/reduce conflict for INTDIVISION resolved as shift
  ! shift/reduce conflict for RESTDIVISION resolved as shift
  ! shift/reduce conflict for TIMES resolved as shift
    $end            reduce using rule 2 (expression -> expression MINUS expression .)
    PLUS            shift and go to state 6
    MINUS           shift and go to state 7
    INTDIVISION     shift and go to state 4
    RESTDIVISION    shift and go to state 8
    TIMES           shift and go to state 5

  ! PLUS            [ reduce using rule 2 (expression -> expression MINUS expression .) ]
  ! MINUS           [ reduce using rule 2 (expression -> expression MINUS expression .) ]
  ! INTDIVISION     [ reduce using rule 2 (expression -> expression MINUS expression .) ]
  ! RESTDIVISION    [ reduce using rule 2 (expression -> expression MINUS expression .) ]
  ! TIMES           [ reduce using rule 2 (expression -> expression MINUS expression .) ]


state 14

    (4) expression -> expression RESTDIVISION expression .
    (1) expression -> expression . PLUS expression
    (2) expression -> expression . MINUS expression
    (3) expression -> expression . INTDIVISION expression
    (4) expression -> expression . RESTDIVISION expression
    (5) expression -> expression . TIMES expression

  ! shift/reduce conflict for PLUS resolved as shift
  ! shift/reduce conflict for MINUS resolved as shift
  ! shift/reduce conflict for INTDIVISION resolved as shift
  ! shift/reduce conflict for RESTDIVISION resolved as shift
  ! shift/reduce conflict for TIMES resolved as shift
    $end            reduce using rule 4 (expression -> expression RESTDIVISION expression .)
    PLUS            shift and go to state 6
    MINUS           shift and go to state 7
    INTDIVISION     shift and go to state 4
    RESTDIVISION    shift and go to state 8
    TIMES           shift and go to state 5

  ! PLUS            [ reduce using rule 4 (expression -> expression RESTDIVISION expression .) ]
  ! MINUS           [ reduce using rule 4 (expression -> expression RESTDIVISION expression .) ]
  ! INTDIVISION     [ reduce using rule 4 (expression -> expression RESTDIVISION expression .) ]
  ! RESTDIVISION    [ reduce using rule 4 (expression -> expression RESTDIVISION expression .) ]
  ! TIMES           [ reduce using rule 4 (expression -> expression RESTDIVISION expression .) ]

WARNING: 
WARNING: Conflicts:
WARNING: 
WARNING: shift/reduce conflict for PLUS in state 9 resolved as shift
WARNING: shift/reduce conflict for MINUS in state 9 resolved as shift
WARNING: shift/reduce conflict for INTDIVISION in state 9 resolved as shift
WARNING: shift/reduce conflict for RESTDIVISION in state 9 resolved as shift
WARNING: shift/reduce conflict for TIMES in state 9 resolved as shift
WARNING: shift/reduce conflict for PLUS in state 10 resolved as shift
WARNING: shift/reduce conflict for MINUS in state 10 resolved as shift
WARNING: shift/reduce conflict for INTDIVISION in state 10 resolved as shift
WARNING: shift/reduce conflict for RESTDIVISION in state 10 resolved as shift
WARNING: shift/reduce conflict for TIMES in state 10 resolved as shift
WARNING: shift/reduce conflict for PLUS in state 11 resolved as shift
WARNING: shift/reduce conflict for MINUS in state 11 resolved as shift
WARNING: shift/reduce conflict for INTDIVISION in state 11 resolved as shift
WARNING: shift/reduce conflict for RESTDIVISION in state 11 resolved as shift
WARNING: shift/reduce conflict for TIMES in state 11 resolved as shift
WARNING: shift/reduce conflict for PLUS in state 12 resolved as shift
WARNING: shift/reduce conflict for MINUS in state 12 resolved as shift
WARNING: shift/reduce conflict for INTDIVISION in state 12 resolved as shift
WARNING: shift/reduce conflict for RESTDIVISION in state 12 resolved as shift
WARNING: shift/reduce conflict for TIMES in state 12 resolved as shift
WARNING: shift/reduce conflict for PLUS in state 13 resolved as shift
WARNING: shift/reduce conflict for MINUS in state 13 resolved as shift
WARNING: shift/reduce conflict for INTDIVISION in state 13 resolved as shift
WARNING: shift/reduce conflict for RESTDIVISION in state 13 resolved as shift
WARNING: shift/reduce conflict for TIMES in state 13 resolved as shift
WARNING: shift/reduce conflict for PLUS in state 14 resolved as shift
WARNING: shift/reduce conflict for MINUS in state 14 resolved as shift
WARNING: shift/reduce conflict for INTDIVISION in state 14 resolved as shift
WARNING: shift/reduce conflict for RESTDIVISION in state 14 resolved as shift
WARNING: shift/reduce conflict for TIMES in state 14 resolved as shift
